2024-11-22 23:59:33,572 - FeatureExtractionPipeline - INFO - Data loaded successfully from uniprot_sequences.csv
2024-11-22 23:59:33,572 - FeatureExtractionPipeline - ERROR - Feature extraction failed: index 100 is out of bounds for axis 0 with size 100
2024-11-22 23:59:33,573 - FeatureExtractionPipeline - ERROR - Pipeline execution failed: index 100 is out of bounds for axis 0 with size 100
2024-11-23 00:06:38,355 - FeatureExtractionPipeline - INFO - Data loaded successfully from uniprot_sequences.csv
2024-11-23 00:06:40,485 - FeatureExtractionPipeline - INFO - Feature extraction completed successfully
2024-11-23 00:06:40,833 - FeatureExtractionPipeline - INFO - Features saved successfully to processed_uniprot_sequences.csv
2024-11-23 00:06:40,834 - FeatureExtractionPipeline - INFO - Feature extraction pipeline completed successfully
2024-11-24 00:15:20,074 - FeatureExtractionPipeline - INFO - Data loaded successfully from uniprot_sequences.csv
2024-11-24 00:15:21,887 - FeatureExtractionPipeline - INFO - Feature extraction completed successfully
2024-11-24 00:15:22,109 - FeatureExtractionPipeline - INFO - Features saved successfully to processed_uniprot_sequences.csv
2024-11-24 00:15:22,109 - FeatureExtractionPipeline - INFO - Feature extraction pipeline completed successfully
2024-11-25 22:38:43,956 - FeatureExtractionPipeline - INFO - Data loaded successfully from uniprot_sequences.csv
2024-11-25 22:38:45,404 - FeatureExtractionPipeline - INFO - Feature extraction completed successfully
2024-11-25 22:38:45,616 - FeatureExtractionPipeline - INFO - Features saved successfully to processed_uniprot_sequences.csv
2024-11-25 22:38:45,617 - FeatureExtractionPipeline - INFO - Feature extraction pipeline completed successfully
2024-11-25 23:03:46,750 - FeatureExtractionPipeline - INFO - Data loaded successfully from data/input/uniprot_sequences.csv
2024-11-25 23:03:48,157 - FeatureExtractionPipeline - INFO - Feature extraction completed successfully
2024-11-25 23:03:48,413 - FeatureExtractionPipeline - INFO - Features saved successfully to data/processed/processed_uniprot_sequences.csv
2024-11-25 23:03:48,414 - FeatureExtractionPipeline - INFO - Feature extraction pipeline completed successfully
2024-11-26 16:35:26,394 - FeatureExtractionPipeline - INFO - Data loaded successfully from data/input/uniprot_sequences.csv
2024-11-26 16:35:28,154 - FeatureExtractionPipeline - INFO - Feature extraction completed successfully
2024-11-26 16:35:28,423 - FeatureExtractionPipeline - INFO - Features saved successfully to data/processed/processed_uniprot_sequences.csv
2024-11-26 16:35:28,424 - FeatureExtractionPipeline - INFO - Feature extraction pipeline completed successfully
